build/app/intermediates/manifest_merge_blame_file/release/manifest-merger-blame-release-report.txt
1<?xml version="1.0" encoding="utf-8"?>
2<manifest xmlns:android="http://schemas.android.com/apk/res/android"
3    package="com.example.casper"
4    android:versionCode="1"
5    android:versionName="1.0.0" >
6
7    <uses-sdk
8        android:minSdkVersion="19"
8-->src/main/AndroidManifest.xml
9        android:targetSdkVersion="33" />
9-->src/main/AndroidManifest.xml
10
11    <uses-permission
11-->[:file_picker] AndroidManifest.xml:9:5-11:38
12        android:name="android.permission.READ_EXTERNAL_STORAGE"
12-->[:file_picker] AndroidManifest.xml:10:9-64
13        android:maxSdkVersion="32" />
13-->[:file_picker] AndroidManifest.xml:11:9-35
14
15    <queries>
15-->[:file_picker] AndroidManifest.xml:13:5-19:15
16        <intent>
16-->[:file_picker] AndroidManifest.xml:14:9-18:18
17            <action android:name="android.intent.action.GET_CONTENT" />
17-->[:file_picker] AndroidManifest.xml:15:13-72
17-->[:file_picker] AndroidManifest.xml:15:21-69
18
19            <data android:mimeType="*/*" />
19-->[:file_picker] AndroidManifest.xml:17:13-44
19-->[:file_picker] AndroidManifest.xml:17:19-41
20        </intent>
21    </queries>
22
23    <permission
23-->[androidx.core:core:1.10.1] AndroidManifest.xml:22:5-24:47
24        android:name="com.example.casper.DYNAMIC_RECEIVER_NOT_EXPORTED_PERMISSION"
24-->[androidx.core:core:1.10.1] AndroidManifest.xml:23:9-81
25        android:protectionLevel="signature" />
25-->[androidx.core:core:1.10.1] AndroidManifest.xml:24:9-44
26
27    <uses-permission android:name="com.example.casper.DYNAMIC_RECEIVER_NOT_EXPORTED_PERMISSION" />
27-->[androidx.core:core:1.10.1] AndroidManifest.xml:26:5-97
27-->[androidx.core:core:1.10.1] AndroidManifest.xml:26:22-94
28
29    <application
30        android:name="android.app.Application"
30-->src/main/AndroidManifest.xml:5:9-42
31        android:appComponentFactory="androidx.core.app.CoreComponentFactory"
31-->[androidx.core:core:1.10.1] AndroidManifest.xml:28:18-86
32        android:icon="@mipmap/ic_launcher"
32-->src/main/AndroidManifest.xml:6:9-43
33        android:label="casper" >
33-->src/main/AndroidManifest.xml:4:9-31
34        <activity
34-->src/main/AndroidManifest.xml:7:9-27:20
35            android:name="com.example.casper.MainActivity"
35-->src/main/AndroidManifest.xml:8:13-41
36            android:configChanges="orientation|keyboardHidden|keyboard|screenSize|smallestScreenSize|locale|layoutDirection|fontScale|screenLayout|density|uiMode"
36-->src/main/AndroidManifest.xml:12:13-163
37            android:exported="true"
37-->src/main/AndroidManifest.xml:9:13-36
38            android:hardwareAccelerated="true"
38-->src/main/AndroidManifest.xml:13:13-47
39            android:launchMode="singleTop"
39-->src/main/AndroidManifest.xml:10:13-43
40            android:theme="@style/LaunchTheme"
40-->src/main/AndroidManifest.xml:11:13-47
41            android:windowSoftInputMode="adjustResize" >
41-->src/main/AndroidManifest.xml:14:13-55
42
43            <!--
44                 Specifies an Android theme to apply to this Activity as soon as
45                 the Android process has started. This theme is visible to the user
46                 while the Flutter UI initializes. After that, this theme continues
47                 to determine the Window background behind the Flutter UI.
48            -->
49            <meta-data
49-->src/main/AndroidManifest.xml:19:13-22:17
50                android:name="io.flutter.embedding.android.NormalTheme"
50-->src/main/AndroidManifest.xml:20:15-70
51                android:resource="@style/NormalTheme" />
51-->src/main/AndroidManifest.xml:21:15-52
52
53            <intent-filter>
53-->src/main/AndroidManifest.xml:23:13-26:29
54                <action android:name="android.intent.action.MAIN" />
54-->src/main/AndroidManifest.xml:24:17-68
54-->src/main/AndroidManifest.xml:24:25-66
55
56                <category android:name="android.intent.category.LAUNCHER" />
56-->src/main/AndroidManifest.xml:25:17-76
56-->src/main/AndroidManifest.xml:25:27-74
57            </intent-filter>
58        </activity>
59        <!--
60             Don't delete the meta-data below.
61             This is used by the Flutter tool to generate GeneratedPluginRegistrant.java
62        -->
63        <meta-data
63-->src/main/AndroidManifest.xml:30:9-32:33
64            android:name="flutterEmbedding"
64-->src/main/AndroidManifest.xml:31:13-44
65            android:value="2" />
65-->src/main/AndroidManifest.xml:32:13-30
66
67        <provider
67-->[:image_picker_android] AndroidManifest.xml:10:9-18:20
68            android:name="io.flutter.plugins.imagepicker.ImagePickerFileProvider"
68-->[:image_picker_android] AndroidManifest.xml:11:13-82
69            android:authorities="com.example.casper.flutter.image_provider"
69-->[:image_picker_android] AndroidManifest.xml:12:13-74
70            android:exported="false"
70-->[:image_picker_android] AndroidManifest.xml:13:13-37
71            android:grantUriPermissions="true" >
71-->[:image_picker_android] AndroidManifest.xml:14:13-47
72            <meta-data
72-->[:image_picker_android] AndroidManifest.xml:15:13-17:75
73                android:name="android.support.FILE_PROVIDER_PATHS"
73-->[:image_picker_android] AndroidManifest.xml:16:17-67
74                android:resource="@xml/flutter_image_picker_file_paths" />
74-->[:image_picker_android] AndroidManifest.xml:17:17-72
75        </provider>
76
77        <activity
77-->[:url_launcher_android] AndroidManifest.xml:10:9-13:74
78            android:name="io.flutter.plugins.urllauncher.WebViewActivity"
78-->[:url_launcher_android] AndroidManifest.xml:11:13-74
79            android:exported="false"
79-->[:url_launcher_android] AndroidManifest.xml:12:13-37
80            android:theme="@android:style/Theme.NoTitleBar.Fullscreen" />
80-->[:url_launcher_android] AndroidManifest.xml:13:13-71
81
82        <uses-library
82-->[androidx.window:window:1.0.0-beta04] AndroidManifest.xml:25:9-27:40
83            android:name="androidx.window.extensions"
83-->[androidx.window:window:1.0.0-beta04] AndroidManifest.xml:26:13-54
84            android:required="false" />
84-->[androidx.window:window:1.0.0-beta04] AndroidManifest.xml:27:13-37
85        <uses-library
85-->[androidx.window:window:1.0.0-beta04] AndroidManifest.xml:28:9-30:40
86            android:name="androidx.window.sidecar"
86-->[androidx.window:window:1.0.0-beta04] AndroidManifest.xml:29:13-51
87            android:required="false" />
87-->[androidx.window:window:1.0.0-beta04] AndroidManifest.xml:30:13-37
88
89        <provider
89-->[androidx.profileinstaller:profileinstaller:1.3.0] AndroidManifest.xml:24:9-32:20
90            android:name="androidx.startup.InitializationProvider"
90-->[androidx.profileinstaller:profileinstaller:1.3.0] AndroidManifest.xml:25:13-67
91            android:authorities="com.example.casper.androidx-startup"
91-->[androidx.profileinstaller:profileinstaller:1.3.0] AndroidManifest.xml:26:13-68
92            android:exported="false" >
92-->[androidx.profileinstaller:profileinstaller:1.3.0] AndroidManifest.xml:27:13-37
93            <meta-data
93-->[androidx.profileinstaller:profileinstaller:1.3.0] AndroidManifest.xml:29:13-31:52
94                android:name="androidx.profileinstaller.ProfileInstallerInitializer"
94-->[androidx.profileinstaller:profileinstaller:1.3.0] AndroidManifest.xml:30:17-85
95                android:value="androidx.startup" />
95-->[androidx.profileinstaller:profileinstaller:1.3.0] AndroidManifest.xml:31:17-49
96        </provider>
97
98        <receiver
98-->[androidx.profileinstaller:profileinstaller:1.3.0] AndroidManifest.xml:34:9-52:20
99            android:name="androidx.profileinstaller.ProfileInstallReceiver"
99-->[androidx.profileinstaller:profileinstaller:1.3.0] AndroidManifest.xml:35:13-76
100            android:directBootAware="false"
100-->[androidx.profileinstaller:profileinstaller:1.3.0] AndroidManifest.xml:36:13-44
101            android:enabled="true"
101-->[androidx.profileinstaller:profileinstaller:1.3.0] AndroidManifest.xml:37:13-35
102            android:exported="true"
102-->[androidx.profileinstaller:profileinstaller:1.3.0] AndroidManifest.xml:38:13-36
103            android:permission="android.permission.DUMP" >
103-->[androidx.profileinstaller:profileinstaller:1.3.0] AndroidManifest.xml:39:13-57
104            <intent-filter>
104-->[androidx.profileinstaller:profileinstaller:1.3.0] AndroidManifest.xml:40:13-42:29
105                <action android:name="androidx.profileinstaller.action.INSTALL_PROFILE" />
105-->[androidx.profileinstaller:profileinstaller:1.3.0] AndroidManifest.xml:41:17-91
105-->[androidx.profileinstaller:profileinstaller:1.3.0] AndroidManifest.xml:41:25-88
106            </intent-filter>
107            <intent-filter>
107-->[androidx.profileinstaller:profileinstaller:1.3.0] AndroidManifest.xml:43:13-45:29
108                <action android:name="androidx.profileinstaller.action.SKIP_FILE" />
108-->[androidx.profileinstaller:profileinstaller:1.3.0] AndroidManifest.xml:44:17-85
108-->[androidx.profileinstaller:profileinstaller:1.3.0] AndroidManifest.xml:44:25-82
109            </intent-filter>
110            <intent-filter>
110-->[androidx.profileinstaller:profileinstaller:1.3.0] AndroidManifest.xml:46:13-48:29
111                <action android:name="androidx.profileinstaller.action.SAVE_PROFILE" />
111-->[androidx.profileinstaller:profileinstaller:1.3.0] AndroidManifest.xml:47:17-88
111-->[androidx.profileinstaller:profileinstaller:1.3.0] AndroidManifest.xml:47:25-85
112            </intent-filter>
113            <intent-filter>
113-->[androidx.profileinstaller:profileinstaller:1.3.0] AndroidManifest.xml:49:13-51:29
114                <action android:name="androidx.profileinstaller.action.BENCHMARK_OPERATION" />
114-->[androidx.profileinstaller:profileinstaller:1.3.0] AndroidManifest.xml:50:17-95
114-->[androidx.profileinstaller:profileinstaller:1.3.0] AndroidManifest.xml:50:25-92
115            </intent-filter>
116        </receiver>
117    </application>
118
119</manifest>